[29590:324609:0728/180038.733114:INFO:components/enterprise/browser/controller/chrome_browser_cloud_management_controller.cc:202] No machine level policy manager exists.
[29590:324609:0728/180040.050616:INFO:CONSOLE:893] "ConsentModeV2 [object Object]", source: https://www.googletagmanager.com/gtm.js?id=GTM-MN22WFP (893)
[29590:324609:0728/180045.935494:INFO:CONSOLE:0] "[DOM] Input elements should have autocomplete attributes (suggested: "current-password"): (More info: https://goo.gl/9p2vKq) %o", source: https://app.stelorder.com/app/ (0)
[29590:324661:0728/180048.204642:ERROR:google_apis/gcm/engine/registration_request.cc:291] Registration response error message: DEPRECATED_ENDPOINT
[29590:324661:0728/180108.978827:ERROR:google_apis/gcm/engine/registration_request.cc:291] Registration response error message: DEPRECATED_ENDPOINT
[29590:324609:0728/180114.205604:INFO:CONSOLE:285] "Google Maps JavaScript API has been loaded directly without loading=async. This can result in suboptimal performance. For best-practice loading patterns please see https://goo.gle/js-api-loading", source: https://maps.google.com/maps/api/js?key=AIzaSyCc3aSe8mnu2HU_da1hx4Fl3f2_aL1dVdc&sensor=false&libraries={MarkerClusterer,geometry} (285)
[29590:324609:0728/180114.831553:INFO:CONSOLE:5] "The specified value "!" does not conform to the required format.  The format is "#rrggbb" where rr, gg, bb are two-digit hexadecimal numbers.", source: https://app.stelorder.com/app/stelorder/lib/jquery-1.10.2.min.js (5)
[29590:324609:0728/180118.850680:INFO:CONSOLE:257] "[object Object] error ", source: https://app.stelorder.com/app/stelorder/lib/jquery.i18n.properties-1.0.9.js?nocache=9ec6c84bc176f9893afc5edd583086cc69434f85} (257)
[29590:324609:0728/180119.190931:INFO:CONSOLE:257] "[object Object] error ", source: https://app.stelorder.com/app/stelorder/lib/jquery.i18n.properties-1.0.9.js?nocache=9ec6c84bc176f9893afc5edd583086cc69434f85} (257)
[29590:324609:0728/180119.220960:INFO:CONSOLE:31] "Google Maps JavaScript API warning: SensorNotRequired https://developers.google.com/maps/documentation/javascript/error-messages#sensor-not-required", source: https://maps.google.com/maps-api-v3/api/js/61/11a/intl/es_419/util.js (31)
[29599:324702:0728/180119.356821:WARNING:net/spdy/spdy_session.cc:3054] Received HEADERS for invalid stream 1
[29590:324609:0728/180156.815114:INFO:CONSOLE:285] "Google Maps JavaScript API has been loaded directly without loading=async. This can result in suboptimal performance. For best-practice loading patterns please see https://goo.gle/js-api-loading", source: https://maps.google.com/maps/api/js?key=AIzaSyCc3aSe8mnu2HU_da1hx4Fl3f2_aL1dVdc&sensor=false&libraries={MarkerClusterer,geometry} (285)
[29590:324609:0728/180157.113845:INFO:CONSOLE:5] "The specified value "!" does not conform to the required format.  The format is "#rrggbb" where rr, gg, bb are two-digit hexadecimal numbers.", source: https://app.stelorder.com/app/stelorder/lib/jquery-1.10.2.min.js (5)
[29590:324661:0728/180201.038512:ERROR:google_apis/gcm/engine/registration_request.cc:291] Registration response error message: DEPRECATED_ENDPOINT
[29590:324609:0728/180201.300055:INFO:CONSOLE:257] "[object Object] error ", source: https://app.stelorder.com/app/stelorder/lib/jquery.i18n.properties-1.0.9.js?nocache=9ec6c84bc176f9893afc5edd583086cc69434f85} (257)
[29590:324609:0728/180201.611314:INFO:CONSOLE:257] "[object Object] error ", source: https://app.stelorder.com/app/stelorder/lib/jquery.i18n.properties-1.0.9.js?nocache=9ec6c84bc176f9893afc5edd583086cc69434f85} (257)
[29590:324609:0728/180203.546632:INFO:CONSOLE:285] "Google Maps JavaScript API has been loaded directly without loading=async. This can result in suboptimal performance. For best-practice loading patterns please see https://goo.gle/js-api-loading", source: https://maps.google.com/maps/api/js?key=AIzaSyCc3aSe8mnu2HU_da1hx4Fl3f2_aL1dVdc&sensor=false&libraries={MarkerClusterer,geometry} (285)
[29590:324609:0728/180203.844142:INFO:CONSOLE:5] "The specified value "!" does not conform to the required format.  The format is "#rrggbb" where rr, gg, bb are two-digit hexadecimal numbers.", source: https://app.stelorder.com/app/stelorder/lib/jquery-1.10.2.min.js (5)
[29590:324609:0728/180208.026591:INFO:CONSOLE:257] "[object Object] error ", source: https://app.stelorder.com/app/stelorder/lib/jquery.i18n.properties-1.0.9.js?nocache=9ec6c84bc176f9893afc5edd583086cc69434f85} (257)
[29590:324609:0728/180208.337812:INFO:CONSOLE:257] "[object Object] error ", source: https://app.stelorder.com/app/stelorder/lib/jquery.i18n.properties-1.0.9.js?nocache=9ec6c84bc176f9893afc5edd583086cc69434f85} (257)
[29590:324609:0728/180208.559572:INFO:CONSOLE:31] "Google Maps JavaScript API warning: SensorNotRequired https://developers.google.com/maps/documentation/javascript/error-messages#sensor-not-required", source: https://maps.google.com/maps-api-v3/api/js/61/11a/intl/es_419/util.js (31)
[29590:324609:0728/180241.677704:WARNING:components/autofill/content/browser/content_autofill_driver.cc:236] Skipped Autofill message for inactive frame
[29590:324609:0728/180241.677975:WARNING:components/autofill/content/browser/content_autofill_driver.cc:236] Skipped Autofill message for inactive frame
[29590:324609:0728/180241.677996:WARNING:components/autofill/content/browser/content_autofill_driver.cc:236] Skipped Autofill message for inactive frame
[29590:324609:0728/180241.678003:WARNING:components/autofill/content/browser/content_autofill_driver.cc:236] Skipped Autofill message for inactive frame
[29590:324609:0728/180241.779000:WARNING:components/autofill/content/browser/content_autofill_driver.cc:236] Skipped Autofill message for inactive frame
[29590:324609:0728/180241.779033:WARNING:components/autofill/content/browser/content_autofill_driver.cc:236] Skipped Autofill message for inactive frame
[29590:324609:0728/180241.779042:WARNING:components/autofill/content/browser/content_autofill_driver.cc:236] Skipped Autofill message for inactive frame
[29590:324609:0728/180241.779047:WARNING:components/autofill/content/browser/content_autofill_driver.cc:236] Skipped Autofill message for inactive frame
